{"user_id":"user1","raw_input":"hi","normalized_input":"hi","matched_gambit":[{"topic":"random","input":"*~2","reply":"Ola","output":"Ola"}],"timestamp":"2017-12-08T15:49:04.394Z"}
{"user_id":"user1","raw_input":"hi","normalized_input":"hi","matched_gambit":[{"topic":"random","input":"*~2","reply":"Hello","output":"Hello"}],"timestamp":"2017-12-08T15:49:21.560Z"}
{"user_id":"user1","raw_input":"hi","normalized_input":"hi","matched_gambit":[{"topic":"random","input":"*~2","reply":"Hello","output":"Hello"}],"timestamp":"2017-12-08T15:49:22.732Z"}
{"user_id":"user1","raw_input":"hi","normalized_input":"hi","matched_gambit":[{"topic":"random","input":"*~2","reply":"Hello","output":"Hello"}],"timestamp":"2017-12-08T15:49:23.692Z"}
{"user_id":"user1","raw_input":"hi","normalized_input":"hi","matched_gambit":[{"topic":"random","input":"*~2","reply":"Ola","output":"Ola"}],"timestamp":"2017-12-08T15:49:24.277Z"}
{"user_id":"user1","raw_input":"sup","normalized_input":"sup","matched_gambit":[],"timestamp":"2017-12-08T15:49:29.988Z"}
{"user_id":"user1","raw_input":"sup","normalized_input":"sup","matched_gambit":[{"topic":"random","input":"*","reply":"Alison didn't give me a case for that.","output":"Alison didn't give me a case for that."}],"timestamp":"2017-12-08T15:50:53.157Z"}
{"user_id":"user1","raw_input":"hi","normalized_input":"hi","matched_gambit":[{"topic":"random","input":"*~2","reply":"Howdy","output":"Howdy"}],"timestamp":"2017-12-08T17:39:47.243Z"}
{"user_id":"user1","raw_input":"hi","normalized_input":"hi","matched_gambit":[{"topic":"random","input":"*~2","reply":"Howdy","output":"Howdy"}],"timestamp":"2017-12-08T17:47:18.667Z"}
{"user_id":"user1","raw_input":"\"hi\"","normalized_input":"hi","matched_gambit":[{"topic":"random","input":"*","reply":"Alison didn't give me a case for that.","output":"Alison didn't give me a case for that."}],"timestamp":"2017-12-08T17:50:17.179Z"}
{"user_id":"user1","raw_input":"\"hi\"","normalized_input":"hi","matched_gambit":[{"topic":"random","input":"*","reply":"Alison didn't give me a case for that.","output":"Alison didn't give me a case for that."}],"timestamp":"2017-12-08T17:56:30.288Z"}
{"user_id":"user1","raw_input":"\"hi\"","normalized_input":"hi","matched_gambit":[{"topic":"random","input":"*","reply":"Alison didn't give me a case for that.","output":"Alison didn't give me a case for that."}],"timestamp":"2017-12-08T17:57:09.269Z"}
{"user_id":"user1","raw_input":"\"hi\"","normalized_input":"hi","matched_gambit":[{"topic":"random","input":"*","reply":"Alison didn't give me a case for that.","output":"Alison didn't give me a case for that."}],"timestamp":"2017-12-08T17:59:37.542Z"}
{"user_id":"user1","raw_input":"\"hi\"","normalized_input":"hi","matched_gambit":[{"topic":"random","input":"*","reply":"Alison didn't give me a case for that.","output":"Alison didn't give me a case for that."}],"timestamp":"2017-12-08T17:59:48.526Z"}
{"user_id":"user1","raw_input":"\"hi\"","normalized_input":"hi","matched_gambit":[{"topic":"random","input":"*","reply":"Alison didn't give me a case for that.","output":"Alison didn't give me a case for that."}],"timestamp":"2017-12-08T18:02:19.515Z"}
{"user_id":"user1","raw_input":"\"hi\"","normalized_input":"hi","matched_gambit":[{"topic":"random","input":"*","reply":"Alison didn't give me a case for that.","output":"Alison didn't give me a case for that."}],"timestamp":"2017-12-08T18:02:48.726Z"}
{"user_id":"user1","raw_input":"\"hi\"","normalized_input":"hi","matched_gambit":[{"topic":"random","input":"*","reply":"Alison didn't give me a case for that.","output":"Alison didn't give me a case for that."}],"timestamp":"2017-12-08T18:03:18.286Z"}
{"user_id":"user1","raw_input":"\"hi\"","normalized_input":"hi","matched_gambit":[{"topic":"random","input":"*","reply":"Alison didn't give me a case for that.","output":"Alison didn't give me a case for that."}],"timestamp":"2017-12-08T18:03:20.301Z"}
{"user_id":"user1","raw_input":"\"hi\"","normalized_input":"hi","matched_gambit":[{"topic":"random","input":"*","reply":"Alison didn't give me a case for that.","output":"Alison didn't give me a case for that."}],"timestamp":"2017-12-08T18:04:13.797Z"}
{"user_id":"user1","raw_input":"\"hi\"","normalized_input":"hi","matched_gambit":[{"topic":"random","input":"*","reply":"Alison didn't give me a case for that.","output":"Alison didn't give me a case for that."}],"timestamp":"2017-12-08T18:04:35.204Z"}
{"user_id":"user1","raw_input":"\"hi\"","normalized_input":"hi","matched_gambit":[{"topic":"random","input":"*","reply":"Alison didn't give me a case for that.","output":"Alison didn't give me a case for that."}],"timestamp":"2017-12-08T18:07:48.964Z"}
{"user_id":"user1","raw_input":"\"hi\"","normalized_input":"hi","matched_gambit":[{"topic":"random","input":"*","reply":"Alison didn't give me a case for that.","output":"Alison didn't give me a case for that."}],"timestamp":"2017-12-08T18:08:44.122Z"}
{"user_id":"user1","raw_input":"\"hi\"","normalized_input":"hi","matched_gambit":[{"topic":"random","input":"*","reply":"Alison didn't give me a case for that.","output":"Alison didn't give me a case for that."}],"timestamp":"2017-12-08T18:10:37.834Z"}
{"user_id":"user1","raw_input":"\"hi\"","normalized_input":"hi","matched_gambit":[{"topic":"random","input":"*","reply":"Alison didn't give me a case for that.","output":"Alison didn't give me a case for that."}],"timestamp":"2017-12-08T18:12:02.208Z"}
{"user_id":"user1","raw_input":"\"hi\"","normalized_input":"hi","matched_gambit":[{"topic":"random","input":"*","reply":"Alison didn't give me a case for that.","output":"Alison didn't give me a case for that."}],"timestamp":"2017-12-08T18:13:04.743Z"}
{"user_id":"user1","raw_input":"\"hi\"","normalized_input":"hi","matched_gambit":[{"topic":"random","input":"*","reply":"Alison didn't give me a case for that.","output":"Alison didn't give me a case for that."}],"timestamp":"2017-12-08T18:13:16.504Z"}
{"user_id":"user1","raw_input":"\"hi\"","normalized_input":"hi","matched_gambit":[{"topic":"random","input":"*","reply":"Alison didn't give me a case for that.","output":"Alison didn't give me a case for that."}],"timestamp":"2017-12-08T18:13:42.782Z"}
{"user_id":"user1","raw_input":"\"hi\"","normalized_input":"hi","matched_gambit":[{"topic":"random","input":"*","reply":"Alison didn't give me a case for that.","output":"Alison didn't give me a case for that."}],"timestamp":"2017-12-08T18:14:34.690Z"}
{"user_id":"user1","raw_input":"\"hello\"","normalized_input":"hello","matched_gambit":[{"topic":"random","input":"*","reply":"Alison didn't give me a case for that.","output":"Alison didn't give me a case for that."}],"timestamp":"2017-12-08T18:14:40.028Z"}
{"user_id":"user1","raw_input":"\"hello\"","normalized_input":"hello","matched_gambit":[{"topic":"random","input":"*","reply":"Alison didn't give me a case for that.","output":"Alison didn't give me a case for that."}],"timestamp":"2017-12-08T18:20:37.424Z"}
{"user_id":"user1","raw_input":"\"how are you\"","normalized_input":"how are you","matched_gambit":[{"topic":"random","input":"(how are you|how's it going|how're you)","reply":"Fantabulous.","output":"Fantabulous."}],"timestamp":"2017-12-08T18:20:42.925Z"}
{"user_id":"user1","raw_input":"\"how are you\"","normalized_input":"how are you","matched_gambit":[{"topic":"random","input":"(how are you|how's it going|how're you)","reply":"I'm a bot. So...fine.","output":"I'm a bot. So...fine."}],"timestamp":"2017-12-08T18:21:55.792Z"}
{"user_id":"user1","raw_input":"\"how are you\"","normalized_input":"how are you","matched_gambit":[{"topic":"random","input":"(how are you|how's it going|how're you)","reply":"Fantabulous.","output":"Fantabulous."}],"timestamp":"2017-12-08T18:23:34.106Z"}
{"user_id":"user1","raw_input":"\"how are you\"","normalized_input":"how are you","matched_gambit":[{"topic":"random","input":"(how are you|how's it going|how're you)","reply":"Dreaming big, but living better.","output":"Dreaming big, but living better."}],"timestamp":"2017-12-08T18:23:37.061Z"}
{"user_id":"user1","raw_input":"\"hi\"","normalized_input":"hi","matched_gambit":[{"topic":"random","input":"*","reply":"Alison didn't give me a case for that.","output":"Alison didn't give me a case for that."}],"timestamp":"2017-12-08T20:15:58.560Z"}
{"user_id":"user1","raw_input":"meow","normalized_input":"meow","matched_gambit":[{"topic":"random","input":"*","reply":"Alison didn't give me a case for that.","output":"Alison didn't give me a case for that."}],"timestamp":"2017-12-08T20:55:14.005Z"}
{"user_id":"user1","raw_input":"\"hi\"","normalized_input":"hi","matched_gambit":[{"topic":"random","input":"*","reply":"Alison didn't give me a case for that.","output":"Alison didn't give me a case for that."}],"timestamp":"2017-12-08T20:58:11.382Z"}
{"user_id":"user1","raw_input":"meow","normalized_input":"meow","matched_gambit":[{"topic":"random","input":"*","reply":"Alison didn't give me a case for that.","output":"Alison didn't give me a case for that."}],"timestamp":"2017-12-08T20:58:14.841Z"}
{"user_id":"user1","raw_input":"lala","normalized_input":"lala","matched_gambit":[{"topic":"random","input":"*","reply":"Alison didn't give me a case for that.","output":"Alison didn't give me a case for that."}],"timestamp":"2017-12-08T20:58:29.708Z"}
{"user_id":"user1","raw_input":"lala","normalized_input":"lala","matched_gambit":[{"topic":"random","input":"*","reply":"Alison didn't give me a case for that.","output":"Alison didn't give me a case for that."}],"timestamp":"2017-12-08T20:58:32.411Z"}
{"user_id":"user1","raw_input":"n","normalized_input":"n","matched_gambit":[{"topic":"random","input":"*","reply":"Alison didn't give me a case for that.","output":"Alison didn't give me a case for that."}],"timestamp":"2017-12-08T20:59:27.850Z"}
{"user_id":"user1","raw_input":"meow","normalized_input":"meow","matched_gambit":[{"topic":"random","input":"*","reply":"Alison didn't give me a case for that.","output":"Alison didn't give me a case for that."}],"timestamp":"2017-12-08T21:03:42.220Z"}
{"user_id":"user1","raw_input":"jjj","normalized_input":"jjj","matched_gambit":[{"topic":"random","input":"*","reply":"Alison didn't give me a case for that.","output":"Alison didn't give me a case for that."}],"timestamp":"2017-12-08T21:04:33.073Z"}
{"user_id":"user1","raw_input":"jjj","normalized_input":"jjj","matched_gambit":[{"topic":"random","input":"*","reply":"Alison didn't give me a case for that.","output":"Alison didn't give me a case for that."}],"timestamp":"2017-12-08T21:05:26.734Z"}
{"user_id":"user1","raw_input":"jjj","normalized_input":"jjj","matched_gambit":[{"topic":"random","input":"*","reply":"Alison didn't give me a case for that.","output":"Alison didn't give me a case for that."}],"timestamp":"2017-12-08T21:06:06.328Z"}
{"user_id":"user1","raw_input":"s","normalized_input":"s","matched_gambit":[{"topic":"random","input":"*","reply":"Alison didn't give me a case for that.","output":"Alison didn't give me a case for that."}],"timestamp":"2017-12-08T21:06:21.943Z"}
{"user_id":"user1","raw_input":"s","normalized_input":"s","matched_gambit":[{"topic":"random","input":"*","reply":"Alison didn't give me a case for that.","output":"Alison didn't give me a case for that."}],"timestamp":"2017-12-08T21:06:42.598Z"}
{"user_id":"user1","raw_input":"s","normalized_input":"s","matched_gambit":[{"topic":"random","input":"*","reply":"Alison didn't give me a case for that.","output":"Alison didn't give me a case for that."}],"timestamp":"2017-12-08T21:07:34.578Z"}
{"user_id":"user1","raw_input":"ss","normalized_input":"ss","matched_gambit":[{"topic":"random","input":"*","reply":"Alison didn't give me a case for that.","output":"Alison didn't give me a case for that."}],"timestamp":"2017-12-08T21:07:37.533Z"}
{"user_id":"user1","raw_input":"sss","normalized_input":"sss","matched_gambit":[{"topic":"random","input":"*","reply":"Alison didn't give me a case for that.","output":"Alison didn't give me a case for that."}],"timestamp":"2017-12-08T21:08:10.824Z"}
{"user_id":"user1","raw_input":"sas","normalized_input":"sas","matched_gambit":[{"topic":"random","input":"*","reply":"Alison didn't give me a case for that.","output":"Alison didn't give me a case for that."}],"timestamp":"2017-12-08T21:08:20.403Z"}
{"user_id":"user1","raw_input":"sas","normalized_input":"sas","matched_gambit":[{"topic":"random","input":"*","reply":"Alison didn't give me a case for that.","output":"Alison didn't give me a case for that."}],"timestamp":"2017-12-08T21:08:48.176Z"}
{"user_id":"user1","raw_input":"asd","normalized_input":"asd","matched_gambit":[{"topic":"random","input":"*","reply":"Alison didn't give me a case for that.","output":"Alison didn't give me a case for that."}],"timestamp":"2017-12-08T21:08:50.529Z"}
{"user_id":"user1","raw_input":"asd","normalized_input":"asd","matched_gambit":[{"topic":"random","input":"*","reply":"Alison didn't give me a case for that.","output":"Alison didn't give me a case for that."}],"timestamp":"2017-12-08T21:09:29.838Z"}
{"user_id":"user1","raw_input":"a","normalized_input":"a","matched_gambit":[{"topic":"random","input":"*","reply":"Alison didn't give me a case for that.","output":"Alison didn't give me a case for that."}],"timestamp":"2017-12-08T21:09:33.553Z"}
{"user_id":"user1","raw_input":"a","normalized_input":"a","matched_gambit":[{"topic":"random","input":"*","reply":"Alison didn't give me a case for that.","output":"Alison didn't give me a case for that."}],"timestamp":"2017-12-08T21:09:35.772Z"}
{"user_id":"user1","raw_input":"a","normalized_input":"a","matched_gambit":[{"topic":"random","input":"*","reply":"Alison didn't give me a case for that.","output":"Alison didn't give me a case for that."}],"timestamp":"2017-12-08T21:09:55.338Z"}
{"user_id":"user1","raw_input":"ss","normalized_input":"ss","matched_gambit":[{"topic":"random","input":"*","reply":"Alison didn't give me a case for that.","output":"Alison didn't give me a case for that."}],"timestamp":"2017-12-08T21:10:15.078Z"}
{"user_id":"user1","raw_input":"ss","normalized_input":"ss","matched_gambit":[{"topic":"random","input":"*","reply":"Alison didn't give me a case for that.","output":"Alison didn't give me a case for that."}],"timestamp":"2017-12-08T21:11:32.421Z"}
{"user_id":"user1","raw_input":"ss","normalized_input":"ss","matched_gambit":[{"topic":"random","input":"*","reply":"Alison didn't give me a case for that.","output":"Alison didn't give me a case for that."}],"timestamp":"2017-12-08T21:11:34.369Z"}
{"user_id":"user1","raw_input":"d","normalized_input":"d","matched_gambit":[{"topic":"random","input":"*","reply":"Alison didn't give me a case for that.","output":"Alison didn't give me a case for that."}],"timestamp":"2017-12-08T21:11:36.786Z"}
{"user_id":"user1","raw_input":"s","normalized_input":"s","matched_gambit":[{"topic":"random","input":"*","reply":"Alison didn't give me a case for that.","output":"Alison didn't give me a case for that."}],"timestamp":"2017-12-08T21:11:46.395Z"}
{"user_id":"user1","raw_input":"d","normalized_input":"d","matched_gambit":[{"topic":"random","input":"*","reply":"Alison didn't give me a case for that.","output":"Alison didn't give me a case for that."}],"timestamp":"2017-12-08T21:12:48.978Z"}
{"user_id":"user1","raw_input":"d","normalized_input":"d","matched_gambit":[{"topic":"random","input":"*","reply":"Alison didn't give me a case for that.","output":"Alison didn't give me a case for that."}],"timestamp":"2017-12-08T21:12:51.450Z"}
{"user_id":"user1","raw_input":"d","normalized_input":"d","matched_gambit":[{"topic":"random","input":"*","reply":"Alison didn't give me a case for that.","output":"Alison didn't give me a case for that."}],"timestamp":"2017-12-08T21:12:53.316Z"}
{"user_id":"user1","raw_input":"d","normalized_input":"d","matched_gambit":[{"topic":"random","input":"*","reply":"Alison didn't give me a case for that.","output":"Alison didn't give me a case for that."}],"timestamp":"2017-12-08T21:13:10.757Z"}
{"user_id":"user1","raw_input":"asdasdasd","normalized_input":"asdasdasd","matched_gambit":[{"topic":"random","input":"*","reply":"Alison didn't give me a case for that.","output":"Alison didn't give me a case for that."}],"timestamp":"2017-12-08T21:20:58.188Z"}
{"user_id":"user1","raw_input":"Hi","normalized_input":"Hi","matched_gambit":[{"topic":"random","input":"*~2","reply":"How are you?","output":"How are you?"}],"timestamp":"2017-12-08T21:21:23.337Z"}
{"user_id":"user1","raw_input":"Hi","normalized_input":"Hi","matched_gambit":[{"topic":"random","input":"*~2","reply":"How are you?","output":"How are you?"}],"timestamp":"2017-12-08T21:21:31.793Z"}
{"user_id":"user1","raw_input":"Hi","normalized_input":"Hi","matched_gambit":[{"topic":"random","input":"*~2","reply":"How are you?","output":"How are you?"}],"timestamp":"2017-12-08T21:21:46.239Z"}
{"user_id":"user1","raw_input":"hi","normalized_input":"hi","matched_gambit":[{"topic":"random","input":"*~2","reply":"How are you?","output":"How are you?"}],"timestamp":"2017-12-08T21:21:49.532Z"}
{"user_id":"user1","raw_input":"hi","normalized_input":"hi","matched_gambit":[{"topic":"random","input":"*~2","reply":"How are you?","output":"How are you?"}],"timestamp":"2017-12-08T21:22:54.830Z"}
{"user_id":"user1","raw_input":"test","normalized_input":"test","matched_gambit":[{"topic":"random","input":"*","reply":"Alison didn't give me a case for that.","output":"Alison didn't give me a case for that."}],"timestamp":"2017-12-08T21:23:00.069Z"}
{"user_id":"user1","raw_input":"hi","normalized_input":"hi","matched_gambit":[{"topic":"random","input":"*~2","reply":"How are you?","output":"How are you?"}],"timestamp":"2017-12-08T21:23:04.973Z"}
{"user_id":"user1","raw_input":"how are you","normalized_input":"how are you","matched_gambit":[{"topic":"random","input":"(how are you|how's it going|how're you)","reply":"I'm fine.","output":"I'm fine."}],"timestamp":"2017-12-08T21:25:30.513Z"}
{"user_id":"user1","raw_input":"Why is everything awesome","normalized_input":"Why is everything awesome","matched_gambit":[{"topic":"random","input":"*","reply":"Alison didn't give me a case for that.","output":"Alison didn't give me a case for that."}],"timestamp":"2017-12-08T21:25:52.957Z"}
{"user_id":"user1","raw_input":"how're you","normalized_input":"how are you","matched_gambit":[{"topic":"random","input":"(how are you|how's it going|how're you)","reply":"I'm fine.","output":"I'm fine."}],"timestamp":"2017-12-08T21:31:01.166Z"}
{"user_id":"user1","raw_input":"I want to be an astronaut","normalized_input":"I want to be an astronaut","matched_gambit":[{"topic":"random","input":"* I want to [go | be] *","reply":"Duuuuuuuude.","output":"Duuuuuuuude."}],"timestamp":"2017-12-08T21:31:14.022Z"}
{"user_id":"user1","raw_input":"I want to be an astronaut","normalized_input":"I want to be an astronaut","matched_gambit":[{"topic":"random","input":"* I want to [go | be] *","reply":"You won't","output":"You won't"}],"timestamp":"2017-12-08T21:31:59.873Z"}
{"user_id":"user1","raw_input":"sup","normalized_input":"sup","matched_gambit":[{"topic":"random","input":"*","reply":"Alison didn't give me a case for that.","output":"Alison didn't give me a case for that."}],"timestamp":"2017-12-08T21:32:03.340Z"}
{"user_id":"user1","raw_input":"I want to go to the moon","normalized_input":"I want to go to the moon","matched_gambit":[{"topic":"random","input":"* I want to [go | be] *","reply":"Duuuuuuuude.","output":"Duuuuuuuude."}],"timestamp":"2017-12-08T21:32:09.430Z"}
{"user_id":"user1","raw_input":"I want to go to the moooon","normalized_input":"I want to go to the moooon","matched_gambit":[{"topic":"random","input":"* I want to [go | be] *","reply":"Duuuuuuuude.","output":"Duuuuuuuude."}],"timestamp":"2017-12-08T21:32:13.619Z"}
{"user_id":"user1","raw_input":"I want to be red","normalized_input":"I want to be red","matched_gambit":[{"topic":"random","input":"* I want to [go | be] *","reply":"Duuuuuuuude.","output":"Duuuuuuuude."}],"timestamp":"2017-12-08T21:32:17.957Z"}
{"user_id":"user1","raw_input":"I want to eat donuts","normalized_input":"I want to eat donuts","matched_gambit":[{"topic":"random","input":"* I want to [go | be] *","reply":"Good luck with that","output":"Good luck with that"}],"timestamp":"2017-12-08T21:32:21.181Z"}
{"user_id":"user1","raw_input":"I Want to go to the moo","normalized_input":"I Want to go to the moo","matched_gambit":[{"topic":"random","input":"* I want to [go | be] *","reply":"Good luck with that","output":"Good luck with that"}],"timestamp":"2017-12-08T21:32:26.756Z"}
{"user_id":"user1","raw_input":"\"hi\"","normalized_input":"hi","matched_gambit":[{"topic":"random","input":"*","reply":"Alison didn't give me a case for that.","output":"Alison didn't give me a case for that."}],"timestamp":"2017-12-08T21:33:43.968Z"}
{"user_id":"user1","raw_input":"hi","normalized_input":"hi","matched_gambit":[{"topic":"random","input":"*~2","reply":"How are you?","output":"How are you?"}],"timestamp":"2017-12-08T21:33:46.238Z"}
{"user_id":"user1","raw_input":"hi","normalized_input":"hi","matched_gambit":[{"topic":"random","input":"*~2","reply":"How are you?","output":"How are you?"}],"timestamp":"2017-12-08T21:35:08.814Z"}
{"user_id":"user1","raw_input":"hi","normalized_input":"hi","matched_gambit":[{"topic":"random","input":"*~2","reply":"How are you?","output":"How are you?"}],"timestamp":"2017-12-08T21:35:11.011Z"}
{"user_id":"user1","raw_input":"I'm good","normalized_input":"I am good","matched_gambit":[{"topic":"random","input":"*","reply":"Alison didn't give me a case for that.","output":"Alison didn't give me a case for that."}],"timestamp":"2017-12-08T21:35:14.567Z"}
{"user_id":"user1","raw_input":"hi","normalized_input":"hi","matched_gambit":[{"topic":"random","input":"*~2","reply":"Howdy","output":"Howdy"}],"timestamp":"2017-12-08T21:35:18.262Z"}
{"user_id":"user1","raw_input":"hi","normalized_input":"hi","matched_gambit":[{"topic":"random","input":"*~2","reply":"How are you?","output":"How are you?"}],"timestamp":"2017-12-08T21:35:19.618Z"}
{"user_id":"user1","raw_input":"Great","normalized_input":"Great","matched_gambit":[{"topic":"random","input":"*","reply":"Alison didn't give me a case for that.","output":"Alison didn't give me a case for that."}],"timestamp":"2017-12-08T21:35:22.406Z"}
{"user_id":"user1","raw_input":"I want to make a mission","normalized_input":"I want to make a mission","matched_gambit":[{"topic":"random","input":"* I want to [go | be] *","reply":"How, exactly?","output":"How, exactly?"}],"timestamp":"2017-12-08T21:42:20.646Z"}
{"user_id":"user1","raw_input":"I want to create a mission","normalized_input":"I want to create a mission","matched_gambit":[{"topic":"random","input":"* I want to [go | be] *","reply":"You won't","output":"You won't"}],"timestamp":"2017-12-08T21:42:27.492Z"}
{"user_id":"user1","raw_input":"\"hi\"","normalized_input":"hi","matched_gambit":[{"topic":"random","input":"*","reply":"Alison didn't give me a case for that.","output":"Alison didn't give me a case for that."}],"timestamp":"2017-12-12T17:54:07.309Z"}
{"user_id":"user1","raw_input":"hi","normalized_input":"hi","matched_gambit":[{"topic":"random","input":"*~2","reply":"Howdy","output":"Howdy"}],"timestamp":"2017-12-12T17:54:11.129Z"}
{"user_id":"user1","raw_input":"hi","normalized_input":"hi","matched_gambit":[{"topic":"random","input":"*~2","reply":"Howdy","output":"Howdy"}],"timestamp":"2017-12-12T17:59:57.876Z"}
{"user_id":"user1","raw_input":"hi","normalized_input":"hi","matched_gambit":[{"topic":"random","input":"*~2","reply":"Howdy","output":"Howdy"}],"timestamp":"2017-12-12T18:00:00.467Z"}
{"user_id":"user1","raw_input":"hi","normalized_input":"hi","matched_gambit":[{"topic":"random","input":"*~2","reply":"How are you?","output":"How are you?"}],"timestamp":"2017-12-12T18:00:12.209Z"}
{"user_id":"user1","raw_input":"hi","normalized_input":"hi","matched_gambit":[{"topic":"random","input":"*~2","reply":"Howdy","output":"Howdy"}],"timestamp":"2017-12-12T18:00:14.000Z"}
{"user_id":"user1","raw_input":"hi","normalized_input":"hi","matched_gambit":[{"topic":"random","input":"*~2","reply":"How are you?","output":"How are you?"}],"timestamp":"2017-12-12T18:01:24.741Z"}
{"user_id":"user1","raw_input":"hi","normalized_input":"hi","matched_gambit":[{"topic":"random","input":"*~2","reply":"Howdy","output":"Howdy"}],"timestamp":"2017-12-12T18:01:37.191Z"}
{"user_id":"user1","raw_input":"hi","normalized_input":"hi","matched_gambit":[{"topic":"random","input":"*~2","reply":"Howdy","output":"Howdy"}],"timestamp":"2017-12-12T18:01:50.765Z"}
{"user_id":"user1","raw_input":"hi","normalized_input":"hi","matched_gambit":[{"topic":"random","input":"*~2","reply":"Howdy","output":"Howdy"}],"timestamp":"2017-12-12T18:02:02.385Z"}
{"user_id":"user1","raw_input":"hi","normalized_input":"hi","matched_gambit":[{"topic":"random","input":"*~2","reply":"How are you?","output":"How are you?"}],"timestamp":"2017-12-12T18:02:14.494Z"}
{"user_id":"user1","raw_input":"hi","normalized_input":"hi","matched_gambit":[{"topic":"random","input":"*~2","reply":"How are you?","output":"How are you?"}],"timestamp":"2017-12-12T18:02:25.166Z"}
{"user_id":"user1","raw_input":"hi","normalized_input":"hi","matched_gambit":[{"topic":"random","input":"*~2","reply":"Howdy","output":"Howdy"}],"timestamp":"2017-12-12T18:04:07.433Z"}
{"user_id":"user1","raw_input":"hi","normalized_input":"hi","matched_gambit":[{"topic":"random","input":"*~2","reply":"How are you?","output":"How are you?"}],"timestamp":"2017-12-12T18:04:16.331Z"}
{"user_id":"user1","raw_input":"hi","normalized_input":"hi","matched_gambit":[{"topic":"random","input":"*~2","reply":"How are you?","output":"How are you?"}],"timestamp":"2017-12-12T18:08:27.545Z"}
{"user_id":"user1","raw_input":"hi","normalized_input":"hi","matched_gambit":[{"topic":"random","input":"*~2","reply":"Howdy","output":"Howdy"}],"timestamp":"2017-12-12T18:08:28.900Z"}
{"user_id":"user1","raw_input":"hi","normalized_input":"hi","matched_gambit":[{"topic":"random","input":"*~2","reply":"Howdy","output":"Howdy"}],"timestamp":"2017-12-12T18:08:29.848Z"}
{"user_id":"user1","raw_input":"how are you","normalized_input":"how are you","matched_gambit":[{"topic":"random","input":"(how are you|how's it going|how're you)","reply":"I'm fine.","output":"I'm fine."}],"timestamp":"2017-12-12T18:08:33.432Z"}
{"user_id":"user1","raw_input":"I want to go to the moon","normalized_input":"I want to go to the moon","matched_gambit":[{"topic":"random","input":"* I want to [go | be] *","reply":"How, exactly?","output":"How, exactly?"}],"timestamp":"2017-12-12T18:08:40.018Z"}
{"user_id":"user1","raw_input":"In a lambo","normalized_input":"In a lambo","matched_gambit":[{"topic":"random","input":"* lambo *","reply":"With a camel?","output":"With a camel?"}],"timestamp":"2017-12-12T18:08:45.829Z"}
{"user_id":"user1","raw_input":"yes","normalized_input":"yes","matched_gambit":[{"topic":"random","input":"Yes","reply":"Vroom vroom to the moon!!!!","output":"Vroom vroom to the moon!!!!"}],"timestamp":"2017-12-12T18:08:47.419Z"}
{"user_id":"user1","raw_input":"yes","normalized_input":"yes","matched_gambit":[{"topic":"random","input":"Yes","reply":"Vroom vroom to the moon!!!!","output":"Vroom vroom to the moon!!!!"}],"timestamp":"2017-12-12T18:09:24.285Z"}
{"user_id":"user1","raw_input":"\"hi\"","normalized_input":"hi","matched_gambit":[{"topic":"random","input":"*","reply":"Alison didn't give me a case for that.","output":"Alison didn't give me a case for that."}],"timestamp":"2017-12-12T18:59:45.598Z"}
{"user_id":"user1","raw_input":"hi","normalized_input":"hi","matched_gambit":[{"topic":"random","input":"*~2","reply":"Howdy","output":"Howdy"}],"timestamp":"2017-12-12T18:59:48.235Z"}
{"user_id":"user1","raw_input":"hi","normalized_input":"hi","matched_gambit":[{"topic":"random","input":"*~2","reply":"Howdy","output":"Howdy"}],"timestamp":"2017-12-12T19:01:01.821Z"}
{"user_id":"user1","raw_input":"hi","normalized_input":"hi","matched_gambit":[{"topic":"random","input":"*~2","reply":"Howdy","output":"Howdy"}],"timestamp":"2017-12-12T19:01:15.858Z"}
{"user_id":"user1","raw_input":"hi","normalized_input":"hi","matched_gambit":[{"topic":"random","input":"*~2","reply":"How are you?","output":"How are you?"}],"timestamp":"2017-12-12T19:01:38.453Z"}
{"user_id":"user1","raw_input":"hi","normalized_input":"hi","matched_gambit":[{"topic":"random","input":"*~2","reply":"Howdy","output":"Howdy"}],"timestamp":"2017-12-12T19:01:50.896Z"}
{"user_id":"user1","raw_input":"hi","normalized_input":"hi","matched_gambit":[{"topic":"random","input":"*~2","reply":"Howdy","output":"Howdy"}],"timestamp":"2017-12-12T19:02:28.577Z"}
{"user_id":"user1","raw_input":"hi","normalized_input":"hi","matched_gambit":[{"topic":"random","input":"*~2","reply":"Howdy","output":"Howdy"}],"timestamp":"2017-12-12T19:02:35.420Z"}
{"user_id":"user1","raw_input":"hi","normalized_input":"hi","matched_gambit":[{"topic":"random","input":"*~2","reply":"Howdy","output":"Howdy"}],"timestamp":"2017-12-12T19:02:39.803Z"}
{"user_id":"user1","raw_input":"hi","normalized_input":"hi","matched_gambit":[{"topic":"random","input":"*~2","reply":"How are you?","output":"How are you?"}],"timestamp":"2017-12-12T19:02:43.936Z"}
{"user_id":"user1","raw_input":"hi","normalized_input":"hi","matched_gambit":[{"topic":"random","input":"*~2","reply":"Howdy","output":"Howdy"}],"timestamp":"2017-12-12T19:02:53.611Z"}
{"user_id":"user1","raw_input":"hi","normalized_input":"hi","matched_gambit":[{"topic":"random","input":"*~2","reply":"Howdy","output":"Howdy"}],"timestamp":"2017-12-12T19:03:03.540Z"}
{"user_id":"user1","raw_input":"hi","normalized_input":"hi","matched_gambit":[{"topic":"random","input":"*~2","reply":"Howdy","output":"Howdy"}],"timestamp":"2017-12-12T19:03:42.379Z"}
{"user_id":"user1","raw_input":"hi","normalized_input":"hi","matched_gambit":[{"topic":"random","input":"*~2","reply":"Howdy","output":"Howdy"}],"timestamp":"2017-12-12T19:04:09.568Z"}
{"user_id":"user1","raw_input":"hi","normalized_input":"hi","matched_gambit":[{"topic":"random","input":"*~2","reply":"How are you?","output":"How are you?"}],"timestamp":"2017-12-12T19:04:25.050Z"}
{"user_id":"user1","raw_input":"hi","normalized_input":"hi","matched_gambit":[{"topic":"random","input":"*~2","reply":"Howdy","output":"Howdy"}],"timestamp":"2017-12-12T19:04:36.419Z"}
{"user_id":"user1","raw_input":"wassup","normalized_input":"wassup","matched_gambit":[{"topic":"random","input":"*","reply":"Alison didn't give me a case for that.","output":"Alison didn't give me a case for that."}],"timestamp":"2017-12-12T19:04:38.650Z"}
{"user_id":"user1","raw_input":"how are you","normalized_input":"how are you","matched_gambit":[{"topic":"random","input":"(how are you|how's it going|how're you)","reply":"I'm fine.","output":"I'm fine."}],"timestamp":"2017-12-12T19:04:41.727Z"}
{"user_id":"user1","raw_input":"I want to go to themoon","normalized_input":"I want to go to themoon","matched_gambit":[{"topic":"random","input":"* I want to [go | be] *","reply":"Duuuuuuuude.","output":"Duuuuuuuude."}],"timestamp":"2017-12-12T19:04:48.789Z"}
{"user_id":"user1","raw_input":"I want to fly","normalized_input":"I want to fly","matched_gambit":[{"topic":"random","input":"* I want to [go | be] *","reply":"Duuuuuuuude.","output":"Duuuuuuuude."}],"timestamp":"2017-12-12T19:04:51.880Z"}
{"user_id":"user1","raw_input":"moon","normalized_input":"moon","matched_gambit":[{"topic":"random","input":"*","reply":"Alison didn't give me a case for that.","output":"Alison didn't give me a case for that."}],"timestamp":"2017-12-12T19:04:53.766Z"}
{"user_id":"user1","raw_input":"I want to moon","normalized_input":"I want to moon","matched_gambit":[{"topic":"random","input":"* I want to [go | be] *","reply":"Good luck with that","output":"Good luck with that"}],"timestamp":"2017-12-12T19:04:56.496Z"}
{"user_id":"user1","raw_input":"I want to fly to the moon","normalized_input":"I want to fly to the moon","matched_gambit":[{"topic":"random","input":"* I want to [go | be] *","reply":"You won't","output":"You won't"}],"timestamp":"2017-12-12T19:05:00.975Z"}
{"user_id":"user1","raw_input":"I want to fly to the moon","normalized_input":"I want to fly to the moon","matched_gambit":[{"topic":"random","input":"* I want to [go | be] *","reply":"How, exactly?","output":"How, exactly?"}],"timestamp":"2017-12-12T19:05:48.822Z"}
{"user_id":"user1","raw_input":"I want to fly to the moon","normalized_input":"I want to fly to the moon","matched_gambit":[{"topic":"random","input":"* I want to [go | be] *","reply":"Duuuuuuuude.","output":"Duuuuuuuude."}],"timestamp":"2017-12-12T19:05:56.539Z"}
{"user_id":"user1","raw_input":"I want to fly to the moon","normalized_input":"I want to fly to the moon","matched_gambit":[{"topic":"random","input":"* I want to [go | be] *","reply":"Duuuuuuuude.","output":"Duuuuuuuude."}],"timestamp":"2017-12-12T19:06:06.440Z"}
{"user_id":"user1","raw_input":"I want to fly to the moon","normalized_input":"I want to fly to the moon","matched_gambit":[{"topic":"random","input":"* I want to [go | be] *","reply":"How, exactly?","output":"How, exactly?"}],"timestamp":"2017-12-12T19:06:16.980Z"}
{"user_id":"user1","raw_input":"I want to fly to the moon","normalized_input":"I want to fly to the moon","matched_gambit":[{"topic":"random","input":"* I want to [go | be] *","reply":"How, exactly?","output":"How, exactly?"}],"timestamp":"2017-12-12T19:06:54.326Z"}
{"user_id":"user1","raw_input":"I want to fly to the moon","normalized_input":"I want to fly to the moon","matched_gambit":[{"topic":"random","input":"* I want to [go | be] *","reply":"Duuuuuuuude.","output":"Duuuuuuuude."}],"timestamp":"2017-12-12T19:06:55.620Z"}
{"user_id":"user1","raw_input":"I want to fly to the moon","normalized_input":"I want to fly to the moon","matched_gambit":[{"topic":"random","input":"* I want to [go | be] *","reply":"Duuuuuuuude.","output":"Duuuuuuuude."}],"timestamp":"2017-12-12T19:07:04.545Z"}
{"user_id":"user1","raw_input":"I want to fly to the moon","normalized_input":"I want to fly to the moon","matched_gambit":[{"topic":"random","input":"* I want to [go | be] *","reply":"You won't","output":"You won't"}],"timestamp":"2017-12-12T19:07:47.909Z"}
{"user_id":"user1","raw_input":"I want to fly to the moon","normalized_input":"I want to fly to the moon","matched_gambit":[{"topic":"random","input":"* I want to [go | be] *","reply":"Good luck with that","output":"Good luck with that"}],"timestamp":"2017-12-12T19:08:44.152Z"}
{"user_id":"user1","raw_input":"I want to fly to the moon","normalized_input":"I want to fly to the moon","matched_gambit":[{"topic":"random","input":"* I want to [go | be] *","reply":"How, exactly?","output":"How, exactly?"}],"timestamp":"2017-12-12T19:08:53.512Z"}
{"user_id":"user1","raw_input":"in a lambo","normalized_input":"in a lambo","matched_gambit":[{"topic":"random","input":"* lambo *","reply":"With a camel?","output":"With a camel?"}],"timestamp":"2017-12-12T19:08:58.167Z"}
{"user_id":"user1","raw_input":"yes","normalized_input":"yes","matched_gambit":[{"topic":"random","input":"Yes","reply":"Vroom vroom to the moon!!!!","output":"Vroom vroom to the moon!!!!"}],"timestamp":"2017-12-12T19:09:00.525Z"}
{"user_id":"user1","raw_input":"yes","normalized_input":"yes","matched_gambit":[{"topic":"random","input":"Yes","reply":"Vroom vroom to the moon!!!!","output":"Vroom vroom to the moon!!!!"}],"timestamp":"2017-12-12T19:11:44.538Z"}
{"user_id":"user1","raw_input":"yes","normalized_input":"yes","matched_gambit":[{"topic":"random","input":"*","reply":"Alison didn't give me a case for that.","output":"Alison didn't give me a case for that."}],"timestamp":"2017-12-12T19:11:53.588Z"}
{"user_id":"user1","raw_input":"yes","normalized_input":"yes","matched_gambit":[{"topic":"random","input":"*","reply":"Alison didn't give me a case for that.","output":"Alison didn't give me a case for that."}],"timestamp":"2017-12-12T19:12:09.879Z"}
{"user_id":"user1","raw_input":"\"hi\"","normalized_input":"hi","matched_gambit":[{"topic":"random","input":"*","reply":"Alison didn't give me a case for that.","output":"Alison didn't give me a case for that."}],"timestamp":"2017-12-13T18:07:52.697Z"}
{"user_id":"user1","raw_input":"how are you","normalized_input":"how are you","matched_gambit":[{"topic":"random","input":"(how are you|how's it going|how're you)","reply":"I'm fine.","output":"I'm fine."}],"timestamp":"2017-12-13T18:08:10.087Z"}
{"user_id":"user1","raw_input":"how are you","normalized_input":"how are you","matched_gambit":[{"topic":"random","input":"(how are you|how's it going|how're you)","reply":"I'm fine.","output":"I'm fine."}],"timestamp":"2017-12-13T18:08:16.927Z"}
{"user_id":"user1","raw_input":"how are you","normalized_input":"how are you","matched_gambit":[{"topic":"random","input":"(how are you|how's it going|how're you)","reply":"Dreaming big, but living better.","output":"Dreaming big, but living better."}],"timestamp":"2017-12-13T18:09:10.447Z"}
{"user_id":"user1","raw_input":"how are you","normalized_input":"how are you","matched_gambit":[{"topic":"random","input":"(how are you|how's it going|how're you)","reply":"Dreaming big, but living better.","output":"Dreaming big, but living better."}],"timestamp":"2017-12-13T18:24:54.757Z"}
{"user_id":"user1","raw_input":"how are you","normalized_input":"how are you","matched_gambit":[{"topic":"random","input":"(how are you|how's it going|how're you)","reply":"I'm fine.","output":"I'm fine."}],"timestamp":"2017-12-13T18:24:55.860Z"}
{"user_id":"user1","raw_input":"how are you","normalized_input":"how are you","matched_gambit":[{"topic":"random","input":"(how are you|how's it going|how're you)","reply":"Ecstatic.","output":"Ecstatic."}],"timestamp":"2017-12-13T18:24:56.404Z"}
{"user_id":"user1","raw_input":"how are you","normalized_input":"how are you","matched_gambit":[{"topic":"random","input":"(how are you|how's it going|how're you)","reply":"I'm a bot. So...fine.","output":"I'm a bot. So...fine."}],"timestamp":"2017-12-13T18:24:56.896Z"}
{"user_id":"user1","raw_input":"how are you","normalized_input":"how are you","matched_gambit":[{"topic":"random","input":"(how are you|how's it going|how're you)","reply":"Dreaming big, but living better.","output":"Dreaming big, but living better."}],"timestamp":"2017-12-13T18:24:57.340Z"}
{"user_id":"user1","raw_input":"how are you","normalized_input":"how are you","matched_gambit":[{"topic":"random","input":"(how are you|how's it going|how're you)","reply":"Ecstatic.","output":"Ecstatic."}],"timestamp":"2017-12-13T18:24:58.068Z"}
{"user_id":"user1","raw_input":"how are you","normalized_input":"how are you","matched_gambit":[{"topic":"random","input":"(how are you|how's it going|how're you)","reply":"I'm a bot. So...fine.","output":"I'm a bot. So...fine."}],"timestamp":"2017-12-13T18:24:58.612Z"}
{"user_id":"user1","raw_input":"how are you","normalized_input":"how are you","matched_gambit":[{"topic":"random","input":"(how are you|how's it going|how're you)","reply":"Ecstatic.","output":"Ecstatic."}],"timestamp":"2017-12-13T18:24:59.141Z"}
{"user_id":"user1","raw_input":"how are you","normalized_input":"how are you","matched_gambit":[{"topic":"random","input":"(how are you|how's it going|how're you)","reply":"Fantabulous.","output":"Fantabulous."}],"timestamp":"2017-12-13T18:24:59.661Z"}
{"user_id":"user1","raw_input":"how are you","normalized_input":"how are you","matched_gambit":[{"topic":"random","input":"(how are you|how's it going|how're you)","reply":"I'm fine.","output":"I'm fine."}],"timestamp":"2017-12-13T18:25:13.718Z"}
{"user_id":"user1","raw_input":"how are you","normalized_input":"how are you","matched_gambit":[{"topic":"random","input":"(how are you|how's it going|how're you)","reply":"I'm fine.","output":"I'm fine."}],"timestamp":"2017-12-13T18:25:14.446Z"}
{"user_id":"user1","raw_input":"how are you","normalized_input":"how are you","matched_gambit":[{"topic":"random","input":"(how are you|how's it going|how're you)","reply":"I'm a bot. So...fine.","output":"I'm a bot. So...fine."}],"timestamp":"2017-12-13T18:25:49.378Z"}
{"user_id":"user1","raw_input":"how are you","normalized_input":"how are you","matched_gambit":[{"topic":"random","input":"(how are you|how's it going|how're you)","reply":"Dreaming big, but living better.","output":"Dreaming big, but living better."}],"timestamp":"2017-12-13T18:25:57.740Z"}
{"user_id":"user1","raw_input":"how are you","normalized_input":"how are you","matched_gambit":[{"topic":"random","input":"(how are you|how's it going|how're you)","reply":"Ecstatic.","output":"Ecstatic."}],"timestamp":"2017-12-13T18:26:00.761Z"}
{"user_id":"user1","raw_input":"how are you","normalized_input":"how are you","matched_gambit":[{"topic":"random","input":"(how are you|how's it going|how're you)","reply":"Fantabulous.","output":"Fantabulous."}],"timestamp":"2017-12-13T18:27:32.454Z"}
{"user_id":"user1","raw_input":"how are you","normalized_input":"how are you","matched_gambit":[{"topic":"random","input":"(how are you|how's it going|how're you)","reply":"I'm a bot. So...fine.","output":"I'm a bot. So...fine."}],"timestamp":"2017-12-13T18:27:33.436Z"}
{"user_id":"user1","raw_input":"how are you","normalized_input":"how are you","matched_gambit":[{"topic":"random","input":"(how are you|how's it going|how're you)","reply":"Fantabulous.","output":"Fantabulous."}],"timestamp":"2017-12-13T18:27:42.076Z"}
{"user_id":"user1","raw_input":"how are you","normalized_input":"how are you","matched_gambit":[{"topic":"random","input":"(how are you|how's it going|how're you)","reply":"I'm a bot. So...fine.","output":"I'm a bot. So...fine."}],"timestamp":"2017-12-13T18:27:42.630Z"}
{"user_id":"user1","raw_input":"how are you","normalized_input":"how are you","matched_gambit":[{"topic":"random","input":"(how are you|how's it going|how're you)","reply":"I'm a bot. So...fine.","output":"I'm a bot. So...fine."}],"timestamp":"2017-12-13T18:27:55.148Z"}
{"user_id":"user1","raw_input":"how are you","normalized_input":"how are you","matched_gambit":[{"topic":"random","input":"(how are you|how's it going|how're you)","reply":"Dreaming big, but living better.","output":"Dreaming big, but living better."}],"timestamp":"2017-12-13T18:28:02.179Z"}
{"user_id":"user1","raw_input":"how are you","normalized_input":"how are you","matched_gambit":[{"topic":"random","input":"(how are you|how's it going|how're you)","reply":"I'm a bot. So...fine.","output":"I'm a bot. So...fine."}],"timestamp":"2017-12-13T18:30:42.149Z"}
{"user_id":"user1","raw_input":"how are you","normalized_input":"how are you","matched_gambit":[{"topic":"random","input":"(how are you|how's it going|how're you)","reply":"I'm fine.","output":"I'm fine."}],"timestamp":"2017-12-13T18:49:04.310Z"}
{"user_id":"user1","raw_input":"how are you","normalized_input":"how are you","matched_gambit":[{"topic":"random","input":"(how are you|how's it going|how're you)","reply":"Ecstatic.","output":"Ecstatic."}],"timestamp":"2017-12-13T18:49:25.393Z"}
{"user_id":"user1","raw_input":"how are you","normalized_input":"how are you","matched_gambit":[{"topic":"random","input":"(how are you|how's it going|how're you)","reply":"I'm fine.","output":"I'm fine."}],"timestamp":"2017-12-13T18:58:44.974Z"}
{"user_id":"user1","raw_input":"how are you","normalized_input":"how are you","matched_gambit":[{"topic":"random","input":"(how are you|how's it going|how're you)","reply":"Dreaming big, but living better.","output":"Dreaming big, but living better."}],"timestamp":"2017-12-13T18:59:09.557Z"}
{"user_id":"user1","raw_input":"how are you","normalized_input":"how are you","matched_gambit":[{"topic":"random","input":"(how are you|how's it going|how're you)","reply":"Fantabulous.","output":"Fantabulous."}],"timestamp":"2017-12-13T18:59:22.712Z"}
{"user_id":"user1","raw_input":"how are you","normalized_input":"how are you","matched_gambit":[{"topic":"random","input":"(how are you|how's it going|how're you)","reply":"Ecstatic.","output":"Ecstatic."}],"timestamp":"2017-12-13T19:13:12.884Z"}
{"user_id":"user1","raw_input":"how are you","normalized_input":"how are you","matched_gambit":[{"topic":"random","input":"(how are you|how's it going|how're you)","reply":"I'm a bot. So...fine.","output":"I'm a bot. So...fine."}],"timestamp":"2017-12-13T19:13:15.775Z"}
{"user_id":"user1","raw_input":"how are you","normalized_input":"how are you","matched_gambit":[{"topic":"random","input":"(how are you|how's it going|how're you)","reply":"Ecstatic.","output":"Ecstatic."}],"timestamp":"2017-12-13T19:16:02.428Z"}
{"user_id":"user1","raw_input":"how are you","normalized_input":"how are you","matched_gambit":[{"topic":"random","input":"(how are you|how's it going|how're you)","reply":"Fantabulous.","output":"Fantabulous."}],"timestamp":"2017-12-13T19:16:03.667Z"}
{"user_id":"user1","raw_input":"how are you","normalized_input":"how are you","matched_gambit":[{"topic":"random","input":"(how are you|how's it going|how're you)","reply":"I'm fine.","output":"I'm fine."}],"timestamp":"2017-12-13T19:16:04.548Z"}
{"user_id":"user1","raw_input":"meow","normalized_input":"meow","matched_gambit":[{"topic":"random","input":"*","reply":"Alison didn't give me a case for that.","output":"Alison didn't give me a case for that."}],"timestamp":"2017-12-13T19:16:41.566Z"}
{"user_id":"user1","raw_input":"whats up","normalized_input":"what is up","matched_gambit":[{"topic":"random","input":"*","reply":"Alison didn't give me a case for that.","output":"Alison didn't give me a case for that."}],"timestamp":"2017-12-13T19:16:44.044Z"}
{"user_id":"user1","raw_input":"hi","normalized_input":"hi","matched_gambit":[{"topic":"random","input":"*~2","reply":"Howdy","output":"Howdy"}],"timestamp":"2017-12-13T19:16:45.729Z"}
{"user_id":"user1","raw_input":"hi","normalized_input":"hi","matched_gambit":[{"topic":"random","input":"*~2","reply":"Howdy","output":"Howdy"}],"timestamp":"2017-12-13T19:16:47.151Z"}
{"user_id":"user1","raw_input":"hi","normalized_input":"hi","matched_gambit":[{"topic":"random","input":"*~2","reply":"How are you?","output":"How are you?"}],"timestamp":"2017-12-13T19:16:47.948Z"}
{"user_id":"user1","raw_input":"hi","normalized_input":"hi","matched_gambit":[{"topic":"random","input":"*~2","reply":"How are you?","output":"How are you?"}],"timestamp":"2017-12-13T19:16:48.742Z"}
{"user_id":"user1","raw_input":"wow","normalized_input":"wow","matched_gambit":[{"topic":"random","input":"*","reply":"Alison didn't give me a case for that.","output":"Alison didn't give me a case for that."}],"timestamp":"2017-12-13T19:16:50.555Z"}
